D:\zhouming\Data\Actors.rvdata2 done.
D:\zhouming\Data\Animations.rvdata2 done.
D:\zhouming\Data\Armors.rvdata2 done.
D:\zhouming\Data\Classes.rvdata2 done.
D:\zhouming\Data\CommonEvents.rvdata2 done.
D:\zhouming\Data\Enemies.rvdata2 done.
D:\zhouming\Data\Items.rvdata2 done.
D:\zhouming\Data\Map001.rvdata2 done.
D:\zhouming\Data\Map002.rvdata2 done.
D:\zhouming\Data\Map003.rvdata2 done.
D:\zhouming\Data\Map004.rvdata2 done.
D:\zhouming\Data\Map005.rvdata2 done.
D:\zhouming\Data\Map006.rvdata2 done.
D:\zhouming\Data\Map007.rvdata2 done.
D:\zhouming\Data\Map008.rvdata2 done.
D:\zhouming\Data\Map009.rvdata2 done.
D:\zhouming\Data\Map010.rvdata2 done.
D:\zhouming\Data\MapInfos.rvdata2 done.
D:\zhouming\Data\Scripts.rvdata2 done.
D:\zhouming\Data\Skills.rvdata2 done.
D:\zhouming\Data\States.rvdata2 done.
D:\zhouming\Data\System.rvdata2 done.
D:\zhouming\Data\Tilesets.rvdata2 done.
D:\zhouming\Data\Troops.rvdata2 done.
D:\zhouming\Data\Weapons.rvdata2 done.
D:\zhouming\Graphics\Faces\ice1000.png done.
D:\zhouming\Graphics\Faces\marisa.png done.
